2023-10-05 17:13:26.111 - DBeaver 23.2.1.202309250303 is starting
2023-10-05 17:13:26.113 - OS: Windows 11 10.0 (amd64)
2023-10-05 17:13:26.113 - Java version: 17.0.6 by Eclipse Adoptium (64bit)
2023-10-05 17:13:26.113 - Install path: 'C:\opt\DBeaver'
2023-10-05 17:13:26.113 - Instance path: 'file:/C:/ProjectWorkspace27Sept2023/2Oct2023/GMEHoM v0.13/GMEHoM/'
2023-10-05 17:13:26.113 - Memory available 64Mb/1024Mb
2023-10-05 17:13:26.124 - Create display
2023-10-05 17:13:26.200 - Initializing DBeaver 23.2.1
2023-10-05 17:13:26.202 - Host plugin: org.jkiss.dbeaver.ui.app.standalone 23.2.1.202309250303
2023-10-05 17:13:26.204 - Initialize desktop platform...
2023-10-05 17:13:26.310 - BounceCastle bundle found. Use JCE provider BC
> Start Core File Systems [org.eclipse.core.filesystem 1.10.0.v20230425-0513]
> Start Core Resource Management [org.eclipse.core.resources 3.19.0.v20230510-1240]
> Start Team Support Core [org.eclipse.team.core 3.10.0.v20230317-0901]
> Start DBeaver UI Navigator [org.jkiss.dbeaver.ui.navigator 1.0.115.202309250303]
2023-10-05 17:13:26.530 - Initialize base platform...
2023-10-05 17:13:26.547 - Platform initialized (343ms)
> Start DBeaver UI Editors - Base [org.jkiss.dbeaver.ui.editors.base 1.0.115.202309250303]
2023-10-05 17:13:26.590 - Starting instance server at http://localhost:55397
2023-10-05 17:13:26.600 - Run workbench
> Start DBeaver UI [org.jkiss.dbeaver.ui 5.1.130.202309250303]
> Start Eclipse e4 Workbench SWT [org.eclipse.e4.ui.workbench.swt 0.17.0.v20230501-1823]
> Start Eclipse Application Services [org.eclipse.e4.core.services 2.4.0.v20230429-1914]
> Start Eclipse UI Application Services [org.eclipse.e4.ui.services 1.6.0.v20230501-1823]
> Start Eclipse e4 Progress View [org.eclipse.e4.ui.progress 0.4.0.v20230501-1823]
> Start Eclipse Bindings Support [org.eclipse.e4.ui.bindings 0.14.0.v20230501-1823]
> Start Eclipse e4 core commands [org.eclipse.e4.core.commands 1.1.0.v20230501-1823]
> Start EMF XML/XMI Persistence [org.eclipse.emf.ecore.xmi 2.18.0.v20230211-1150]
> Start Eclipse CSS SWT Theme Support [org.eclipse.e4.ui.css.swt.theme 0.14.0.v20230501-1533]
> Start Eclipse e4 Workbench Add-ons [org.eclipse.e4.ui.workbench.addons.swt 1.5.0.v20230501-1823]
> Start Eclipse e4 Workbench SWT Renderer [org.eclipse.e4.ui.workbench.renderers.swt 0.16.0.v20230525-0648]
> Start Eclipse Dependency Injection Extensions [org.eclipse.e4.core.di.extensions 0.18.0.v20230429-1914]
> Start Eclipse CSS SWT Support [org.eclipse.e4.ui.css.swt 0.15.0.v20230317-0802]
> Start jna [com.sun.jna 5.13.0]
2023-10-05 17:13:28.040 - Configure workbench window
> Start DBeaver SQL Model [org.jkiss.dbeaver.model.sql 1.0.105.202309250303]
2023-10-05 17:13:28.179 - Total database drivers: 107 (107)
> Start Help System Core [org.eclipse.help 3.10.0.v20230317-0802]
2023-10-05 17:13:28.227 - Create actions
2023-10-05 17:13:28.230 - Disable Eclipse action set 'org.eclipse.ui.edit.text.actionSet.annotationNavigation'
2023-10-05 17:13:28.230 - Disable Eclipse action set 'org.eclipse.ui.WorkingSetActionSet'
2023-10-05 17:13:28.231 - Disable Eclipse action set 'org.eclipse.ui.actionSet.openFiles'
2023-10-05 17:13:28.543 - Initialize workbench window
2023-10-05 17:13:28.547 - Finish initialization
> Start DBeaver UI Editors - Data [org.jkiss.dbeaver.ui.editors.data 1.0.115.202309250303]
> Start Internet Connection Management UI [org.eclipse.ui.net 1.5.0.v20230317-0901]
> Start Internet Connection Management [org.eclipse.core.net 1.5.0.v20230317-0901]
> Start DBeaver Sample Database [org.jkiss.dbeaver.ext.sample.database 1.0.152.202309250303]
> Start DBeaver Tip of the day [org.jkiss.dbeaver.ext.ui.tipoftheday 1.0.121.202309250303]
> Start GEF Classic Draw2d [org.eclipse.draw2d 3.13.0.202306071707]
> Start GEF Classic GEF (MVC) [org.eclipse.gef 3.14.0.202306071707]
> Start DBeaver ERD UI [org.jkiss.dbeaver.erd.ui 3.0.75.202309250303]
> Start DBeaver ERD Model [org.jkiss.dbeaver.erd.model 1.0.75.202309250303]
> Start DBeaver UI Editors - SQL [org.jkiss.dbeaver.ui.editors.sql 1.0.115.202309250303]
> Start Default Text Editor [org.eclipse.ui.editors 3.16.0.v20230329-1609]
> Start Text Editor Framework [org.eclipse.ui.workbench.texteditor 3.17.0.v20230316-1200]
> Start DBeaver UI Editors - Connections [org.jkiss.dbeaver.ui.editors.connection 1.0.106.202309250303]
> Start DBeaver PostgreSQL UI [org.jkiss.dbeaver.ext.postgresql.ui 1.0.91.202309250303]
> Start DBeaver JDBC Model [org.jkiss.dbeaver.model.jdbc 1.0.8.202309250303]
> Start DBeaver PostgreSQL Model [org.jkiss.dbeaver.ext.postgresql 2.1.188.202309250303]
2023-10-05 17:13:57.643 - Service 'org.jkiss.dbeaver.runtime.ui.UIServiceSecurity' not found
2023-10-05 17:14:09.531 - Connect with 'postgres' (postgres-jdbc-18aff9916a2-2d2e96d917462b36)
> Start DBeaver GIS Support [org.jkiss.dbeaver.data.gis 1.0.139.202309250303]
2023-10-05 17:14:09.570 - Execution context opened (postgres; Main <postgres>; 0)
2023-10-05 17:14:09.571 - Initiate connection to PostgreSQL database [postgres@localhost] for Main <postgres>
2023-10-05 17:14:09.687 - Open [https://repo1.maven.org/maven2/org/postgresql/postgresql/42.5.2/postgresql-42.5.2.pom]
2023-10-05 17:14:10.761 - Open [https://repo1.maven.org/maven2/org/checkerframework/checker-qual/3.5.0/checker-qual-3.5.0.pom]
2023-10-05 17:14:10.979 - Open [https://repo1.maven.org/maven2/com/github/waffle/waffle-jna/1.9.1/waffle-jna-1.9.1.pom]
2023-10-05 17:14:11.190 - Open [https://repo1.maven.org/maven2/com/github/waffle/waffle-parent/1.9.1/waffle-parent-1.9.1.pom]
2023-10-05 17:14:11.635 - Open [https://repo1.maven.org/maven2/net/java/dev/jna/jna/4.5.1/jna-4.5.1.pom]
2023-10-05 17:14:11.852 - Open [https://repo1.maven.org/maven2/net/java/dev/jna/jna-platform/4.5.1/jna-platform-4.5.1.pom]
2023-10-05 17:14:12.077 - Open [https://repo1.maven.org/maven2/org/slf4j/jcl-over-slf4j/1.7.25/jcl-over-slf4j-1.7.25.pom]
2023-10-05 17:14:12.293 - Open [https://repo1.maven.org/maven2/org/slf4j/slf4j-parent/1.7.25/slf4j-parent-1.7.25.pom]
2023-10-05 17:14:12.513 - Open [https://repo1.maven.org/maven2/org/slf4j/slf4j-api/1.7.25/slf4j-api-1.7.25.pom]
2023-10-05 17:14:12.731 - Open [https://repo1.maven.org/maven2/com/github/ben-manes/caffeine/caffeine/2.6.2/caffeine-2.6.2.pom]
2023-10-05 17:14:17.459 - Open [https://repo1.maven.org/maven2/org/postgresql/postgresql/42.5.2/postgresql-42.5.2.jar]
2023-10-05 17:14:18.349 - Open [https://repo1.maven.org/maven2/org/checkerframework/checker-qual/3.5.0/checker-qual-3.5.0.jar]
2023-10-05 17:14:18.574 - Open [https://repo1.maven.org/maven2/net/postgis/postgis-jdbc/2.5.0/postgis-jdbc-2.5.0.pom]
2023-10-05 17:14:18.784 - Open [https://repo1.maven.org/maven2/net/postgis/postgis-java-aggregator/2.5.0/postgis-java-aggregator-2.5.0.pom]
2023-10-05 17:14:19.001 - Open [https://repo1.maven.org/maven2/org/testcontainers/testcontainers-bom/1.13.0/testcontainers-bom-1.13.0.pom]
2023-10-05 17:14:19.269 - Open [https://repo1.maven.org/maven2/net/postgis/postgis-jdbc/2.5.0/postgis-jdbc-2.5.0.jar]
2023-10-05 17:14:19.481 - Open [https://repo1.maven.org/maven2/net/postgis/postgis-geometry/2.5.0/postgis-geometry-2.5.0.pom]
2023-10-05 17:14:19.723 - Open [https://repo1.maven.org/maven2/net/postgis/postgis-geometry/2.5.0/postgis-geometry-2.5.0.jar]
2023-10-05 17:14:19.944 - Open [https://repo1.maven.org/maven2/com/github/waffle/waffle-jna/1.9.1/waffle-jna-1.9.1.jar]
2023-10-05 17:14:20.187 - Open [https://repo1.maven.org/maven2/net/java/dev/jna/jna/4.5.1/jna-4.5.1.jar]
2023-10-05 17:14:20.618 - Open [https://repo1.maven.org/maven2/net/java/dev/jna/jna-platform/4.5.1/jna-platform-4.5.1.jar]
2023-10-05 17:14:21.050 - Open [https://repo1.maven.org/maven2/org/slf4j/jcl-over-slf4j/1.7.25/jcl-over-slf4j-1.7.25.jar]
2023-10-05 17:14:21.267 - Open [https://repo1.maven.org/maven2/org/slf4j/slf4j-api/1.7.25/slf4j-api-1.7.25.jar]
2023-10-05 17:14:21.478 - Open [https://repo1.maven.org/maven2/com/github/ben-manes/caffeine/caffeine/2.6.2/caffeine-2.6.2.jar]
2023-10-05 17:14:21.721 - Open [https://raw.githubusercontent.com/pgjdbc/pgjdbc/master/LICENSE]
2023-10-05 17:14:22.282 - The server requested SCRAM-based authentication, but no password was provided.
org.postgresql.util.PSQLException: The server requested SCRAM-based authentication, but no password was provided.
	at org.postgresql.Driver$ConnectThread.getResult(Driver.java:385)
	at org.postgresql.Driver.connect(Driver.java:298)
	at org.jkiss.dbeaver.model.impl.jdbc.JDBCDataSource.lambda$1(JDBCDataSource.java:237)
	at org.jkiss.dbeaver.model.impl.jdbc.JDBCDataSource.lambda$0(JDBCDataSource.java:250)
	at org.jkiss.dbeaver.model.impl.jdbc.JDBCDataSource.openConnection(JDBCDataSource.java:269)
	at org.jkiss.dbeaver.ext.postgresql.model.PostgreDataSource.openConnection(PostgreDataSource.java:526)
	at org.jkiss.dbeaver.model.impl.jdbc.JDBCExecutionContext.connect(JDBCExecutionContext.java:103)
	at org.jkiss.dbeaver.model.impl.jdbc.JDBCRemoteInstance.initializeMainContext(JDBCRemoteInstance.java:102)
	at org.jkiss.dbeaver.ext.postgresql.model.PostgreDatabase.checkInstanceConnection(PostgreDatabase.java:231)
	at org.jkiss.dbeaver.ext.postgresql.model.PostgreDatabase.<init>(PostgreDatabase.java:120)
	at org.jkiss.dbeaver.ext.postgresql.model.PostgreDataSource.createDatabaseImpl(PostgreDataSource.java:275)
	at org.jkiss.dbeaver.ext.postgresql.model.PostgreDataSource.initializeRemoteInstance(PostgreDataSource.java:170)
	at org.jkiss.dbeaver.model.impl.jdbc.JDBCDataSource.<init>(JDBCDataSource.java:107)
	at org.jkiss.dbeaver.model.impl.jdbc.JDBCDataSource.<init>(JDBCDataSource.java:98)
	at org.jkiss.dbeaver.ext.postgresql.model.PostgreDataSource.<init>(PostgreDataSource.java:103)
	at org.jkiss.dbeaver.ext.postgresql.PostgreDataSourceProvider.openDataSource(PostgreDataSourceProvider.java:114)
	at org.jkiss.dbeaver.registry.DataSourceDescriptor.openDataSource(DataSourceDescriptor.java:1278)
	at org.jkiss.dbeaver.registry.DataSourceDescriptor.connect0(DataSourceDescriptor.java:1117)
	at org.jkiss.dbeaver.registry.DataSourceDescriptor.connect(DataSourceDescriptor.java:950)
	at org.jkiss.dbeaver.runtime.jobs.ConnectJob.run(ConnectJob.java:77)
	at org.jkiss.dbeaver.runtime.jobs.ConnectJob.runSync(ConnectJob.java:104)
	at org.jkiss.dbeaver.ui.actions.datasource.DataSourceHandler.connectToDataSource(DataSourceHandler.java:115)
	at org.jkiss.dbeaver.ui.actions.datasource.UIServiceConnectionsImpl.initConnection(UIServiceConnectionsImpl.java:87)
	at org.jkiss.dbeaver.model.DBUtils.initDataSource(DBUtils.java:2535)
	at org.jkiss.dbeaver.model.navigator.DBNDataSource.initializeNode(DBNDataSource.java:151)
	at org.jkiss.dbeaver.model.navigator.DBNDatabaseNode.getChildren(DBNDatabaseNode.java:225)
	at org.jkiss.dbeaver.model.navigator.DBNDatabaseNode.getChildren(DBNDatabaseNode.java:1)
	at org.jkiss.dbeaver.model.navigator.DBNUtils.getNodeChildrenFiltered(DBNUtils.java:92)
	at org.jkiss.dbeaver.ui.navigator.database.load.TreeLoadService.evaluate(TreeLoadService.java:49)
	at org.jkiss.dbeaver.ui.navigator.database.load.TreeLoadService.evaluate(TreeLoadService.java:1)
	at org.jkiss.dbeaver.ui.LoadingJob.run(LoadingJob.java:88)
	at org.jkiss.dbeaver.ui.LoadingJob.run(LoadingJob.java:72)
	at org.jkiss.dbeaver.model.runtime.AbstractJob.run(AbstractJob.java:105)
	at org.eclipse.core.internal.jobs.Worker.run(Worker.java:63)
2023-10-05 17:14:32.245 - Connect with 'postgres' (postgres-jdbc-18aff9916a2-2d2e96d917462b36)
2023-10-05 17:14:32.246 - Execution context opened (postgres; Main <postgres>; 1)
2023-10-05 17:14:32.246 - Initiate connection to PostgreSQL database [postgres@localhost] for Main <postgres>
2023-10-05 17:14:32.310 - The server requested SCRAM-based authentication, but no password was provided.
org.postgresql.util.PSQLException: The server requested SCRAM-based authentication, but no password was provided.
	at org.postgresql.Driver$ConnectThread.getResult(Driver.java:385)
	at org.postgresql.Driver.connect(Driver.java:298)
	at org.jkiss.dbeaver.model.impl.jdbc.JDBCDataSource.lambda$1(JDBCDataSource.java:237)
	at org.jkiss.dbeaver.model.impl.jdbc.JDBCDataSource.lambda$0(JDBCDataSource.java:250)
	at org.jkiss.dbeaver.model.impl.jdbc.JDBCDataSource.openConnection(JDBCDataSource.java:269)
	at org.jkiss.dbeaver.ext.postgresql.model.PostgreDataSource.openConnection(PostgreDataSource.java:526)
	at org.jkiss.dbeaver.model.impl.jdbc.JDBCExecutionContext.connect(JDBCExecutionContext.java:103)
	at org.jkiss.dbeaver.model.impl.jdbc.JDBCRemoteInstance.initializeMainContext(JDBCRemoteInstance.java:102)
	at org.jkiss.dbeaver.ext.postgresql.model.PostgreDatabase.checkInstanceConnection(PostgreDatabase.java:231)
	at org.jkiss.dbeaver.ext.postgresql.model.PostgreDatabase.<init>(PostgreDatabase.java:120)
	at org.jkiss.dbeaver.ext.postgresql.model.PostgreDataSource.createDatabaseImpl(PostgreDataSource.java:275)
	at org.jkiss.dbeaver.ext.postgresql.model.PostgreDataSource.initializeRemoteInstance(PostgreDataSource.java:170)
	at org.jkiss.dbeaver.model.impl.jdbc.JDBCDataSource.<init>(JDBCDataSource.java:107)
	at org.jkiss.dbeaver.model.impl.jdbc.JDBCDataSource.<init>(JDBCDataSource.java:98)
	at org.jkiss.dbeaver.ext.postgresql.model.PostgreDataSource.<init>(PostgreDataSource.java:103)
	at org.jkiss.dbeaver.ext.postgresql.PostgreDataSourceProvider.openDataSource(PostgreDataSourceProvider.java:114)
	at org.jkiss.dbeaver.registry.DataSourceDescriptor.openDataSource(DataSourceDescriptor.java:1278)
	at org.jkiss.dbeaver.registry.DataSourceDescriptor.connect0(DataSourceDescriptor.java:1117)
	at org.jkiss.dbeaver.registry.DataSourceDescriptor.connect(DataSourceDescriptor.java:950)
	at org.jkiss.dbeaver.runtime.jobs.ConnectJob.run(ConnectJob.java:77)
	at org.jkiss.dbeaver.runtime.jobs.ConnectJob.runSync(ConnectJob.java:104)
	at org.jkiss.dbeaver.ui.actions.datasource.DataSourceHandler.connectToDataSource(DataSourceHandler.java:115)
	at org.jkiss.dbeaver.ui.actions.datasource.UIServiceConnectionsImpl.initConnection(UIServiceConnectionsImpl.java:87)
	at org.jkiss.dbeaver.model.DBUtils.initDataSource(DBUtils.java:2535)
	at org.jkiss.dbeaver.model.navigator.DBNDataSource.initializeNode(DBNDataSource.java:151)
	at org.jkiss.dbeaver.model.navigator.DBNDatabaseNode.getChildren(DBNDatabaseNode.java:225)
	at org.jkiss.dbeaver.model.navigator.DBNDatabaseNode.getChildren(DBNDatabaseNode.java:1)
	at org.jkiss.dbeaver.model.navigator.DBNUtils.getNodeChildrenFiltered(DBNUtils.java:92)
	at org.jkiss.dbeaver.ui.navigator.database.load.TreeLoadService.evaluate(TreeLoadService.java:49)
	at org.jkiss.dbeaver.ui.navigator.database.load.TreeLoadService.evaluate(TreeLoadService.java:1)
	at org.jkiss.dbeaver.ui.LoadingJob.run(LoadingJob.java:88)
	at org.jkiss.dbeaver.ui.LoadingJob.run(LoadingJob.java:72)
	at org.jkiss.dbeaver.model.runtime.AbstractJob.run(AbstractJob.java:105)
	at org.eclipse.core.internal.jobs.Worker.run(Worker.java:63)
2023-10-05 17:14:36.416 - Service 'org.jkiss.dbeaver.runtime.ui.UIServiceSecurity' not found
2023-10-05 17:14:50.498 - Connect with 'postgres' (postgres-jdbc-18aff9916a2-2d2e96d917462b36)
2023-10-05 17:14:50.499 - Execution context opened (postgres; Main <postgres>; 2)
2023-10-05 17:14:50.499 - Initiate connection to PostgreSQL database [postgres@localhost] for Main <postgres>
2023-10-05 17:14:50.971 - Execution context opened (postgres; Metadata <postgres>; 3)
2023-10-05 17:14:50.971 - Initiate connection to PostgreSQL database [postgres@localhost] for Metadata <postgres>
2023-10-05 17:14:51.153 - Connected (postgres-jdbc-18aff9916a2-2d2e96d917462b36, PostgreSQL JDBC Driver [42.5.2])
2023-10-05 17:15:03.539 - Service 'org.jkiss.dbeaver.runtime.ui.UIServiceSecurity' not found
> Start DBeaver Tasks View [org.jkiss.dbeaver.tasks.ui.view 1.0.64.202309250303]
> Start DBeaver Tasks - General UI [org.jkiss.dbeaver.tasks.ui 1.0.93.202309250303]
