2023-10-05 17:12:49.989 - DBeaver 23.2.1.202309250303 is starting
2023-10-05 17:12:49.991 - OS: Windows 11 10.0 (amd64)
2023-10-05 17:12:49.992 - Java version: 17.0.6 by Eclipse Adoptium (64bit)
2023-10-05 17:12:49.992 - Install path: 'C:\opt\DBeaver'
2023-10-05 17:12:49.992 - Instance path: 'file:/C:/ProjectWorkspace27Sept2023/2Oct2023/GMEHoM v0.13/GMEHoM/'
2023-10-05 17:12:49.992 - Memory available 64Mb/1024Mb
2023-10-05 17:12:50.009 - Create display
> Start Eclipse IDE UI [org.eclipse.ui.ide 3.21.0.v20230526-1500]
2023-10-05 17:12:50.115 - Initializing DBeaver 23.2.1
2023-10-05 17:12:50.116 - Host plugin: org.jkiss.dbeaver.ui.app.standalone 23.2.1.202309250303
2023-10-05 17:12:50.118 - Initialize desktop platform...
2023-10-05 17:12:50.217 - BounceCastle bundle found. Use JCE provider BC
> Start Core File Systems [org.eclipse.core.filesystem 1.10.0.v20230425-0513]
> Start Core Resource Management [org.eclipse.core.resources 3.19.0.v20230510-1240]
> Start Team Support Core [org.eclipse.team.core 3.10.0.v20230317-0901]
> Start DBeaver UI Navigator [org.jkiss.dbeaver.ui.navigator 1.0.115.202309250303]
2023-10-05 17:12:50.396 - 
2023-10-05 17:12:50.396 - 	Refreshing workspace.
2023-10-05 17:12:50.397 - Refreshing workspace contents
2023-10-05 17:12:50.501 - Initialize base platform...
2023-10-05 17:12:50.518 - Platform initialized (400ms)
> Start DBeaver UI Editors - Base [org.jkiss.dbeaver.ui.editors.base 1.0.115.202309250303]
2023-10-05 17:12:50.569 - Starting instance server at http://localhost:55391
2023-10-05 17:12:50.577 - Run workbench
> Start DBeaver UI [org.jkiss.dbeaver.ui 5.1.130.202309250303]
> Start Eclipse e4 Workbench SWT [org.eclipse.e4.ui.workbench.swt 0.17.0.v20230501-1823]
> Start Eclipse Application Services [org.eclipse.e4.core.services 2.4.0.v20230429-1914]
> Start Eclipse UI Application Services [org.eclipse.e4.ui.services 1.6.0.v20230501-1823]
> Start Eclipse e4 Progress View [org.eclipse.e4.ui.progress 0.4.0.v20230501-1823]
> Start Eclipse Bindings Support [org.eclipse.e4.ui.bindings 0.14.0.v20230501-1823]
> Start Eclipse e4 core commands [org.eclipse.e4.core.commands 1.1.0.v20230501-1823]
> Start EMF XML/XMI Persistence [org.eclipse.emf.ecore.xmi 2.18.0.v20230211-1150]
> Start Eclipse CSS SWT Theme Support [org.eclipse.e4.ui.css.swt.theme 0.14.0.v20230501-1533]
> Start Eclipse e4 Workbench Add-ons [org.eclipse.e4.ui.workbench.addons.swt 1.5.0.v20230501-1823]
> Start Eclipse e4 Workbench SWT Renderer [org.eclipse.e4.ui.workbench.renderers.swt 0.16.0.v20230525-0648]
> Start Eclipse Dependency Injection Extensions [org.eclipse.e4.core.di.extensions 0.18.0.v20230429-1914]
> Start Eclipse CSS SWT Support [org.eclipse.e4.ui.css.swt 0.15.0.v20230317-0802]
> Start jna [com.sun.jna 5.13.0]
2023-10-05 17:12:51.909 - Configure workbench window
> Start DBeaver SQL Model [org.jkiss.dbeaver.model.sql 1.0.105.202309250303]
2023-10-05 17:12:52.024 - Total database drivers: 107 (107)
> Start Help System Core [org.eclipse.help 3.10.0.v20230317-0802]
2023-10-05 17:12:52.102 - Create actions
2023-10-05 17:12:52.109 - Disable Eclipse action set 'org.eclipse.ui.edit.text.actionSet.annotationNavigation'
2023-10-05 17:12:52.110 - Disable Eclipse action set 'org.eclipse.ui.WorkingSetActionSet'
2023-10-05 17:12:52.110 - Disable Eclipse action set 'org.eclipse.ui.actionSet.openFiles'
2023-10-05 17:12:52.838 - Initialize workbench window
2023-10-05 17:12:52.841 - Finish initialization
> Start DBeaver UI Editors - Data [org.jkiss.dbeaver.ui.editors.data 1.0.115.202309250303]
> Start Internet Connection Management UI [org.eclipse.ui.net 1.5.0.v20230317-0901]
> Start Internet Connection Management [org.eclipse.core.net 1.5.0.v20230317-0901]
> Start GEF Classic Draw2d [org.eclipse.draw2d 3.13.0.202306071707]
> Start GEF Classic GEF (MVC) [org.eclipse.gef 3.14.0.202306071707]
> Start DBeaver ERD UI [org.jkiss.dbeaver.erd.ui 3.0.75.202309250303]
> Start DBeaver ERD Model [org.jkiss.dbeaver.erd.model 1.0.75.202309250303]
> Start DBeaver UI Editors - SQL [org.jkiss.dbeaver.ui.editors.sql 1.0.115.202309250303]
> Start Default Text Editor [org.eclipse.ui.editors 3.16.0.v20230329-1609]
> Start Text Editor Framework [org.eclipse.ui.workbench.texteditor 3.17.0.v20230316-1200]
> Start DBeaver Sample Database [org.jkiss.dbeaver.ext.sample.database 1.0.152.202309250303]
> Start DBeaver Tip of the day [org.jkiss.dbeaver.ext.ui.tipoftheday 1.0.121.202309250303]
2023-10-05 17:12:55.987 - Open [https://dbeaver.io/product/version.xml]
> Start DBeaver UI Editors - Connections [org.jkiss.dbeaver.ui.editors.connection 1.0.106.202309250303]
2023-10-05 17:13:07.439 - DBeaver is stopping
2023-10-05 17:13:07.441 - Stop instance server
2023-10-05 17:13:08.441 - DBeaver shutdown completed
